{"/Users/johnsaf/Documents/code/restaurants/models.js": {"path":"/Users/johnsaf/Documents/code/restaurants/models.js","statementMap":{"0":{"start":{"line":1,"column":21},"end":{"line":1,"column":37}},"1":{"start":{"line":5,"column":8},"end":{"line":5,"column":59}},"2":{"start":{"line":5,"column":18},"end":{"line":5,"column":59}},"3":{"start":{"line":6,"column":8},"end":{"line":6,"column":24}},"4":{"start":{"line":7,"column":8},"end":{"line":7,"column":22}},"5":{"start":{"line":8,"column":8},"end":{"line":8,"column":24}},"6":{"start":{"line":9,"column":8},"end":{"line":9,"column":18}},"7":{"start":{"line":12,"column":8},"end":{"line":12,"column":26}},"8":{"start":{"line":15,"column":8},"end":{"line":15,"column":38}},"9":{"start":{"line":18,"column":8},"end":{"line":18,"column":33}},"10":{"start":{"line":21,"column":8},"end":{"line":21,"column":25}},"11":{"start":{"line":24,"column":8},"end":{"line":24,"column":24}},"12":{"start":{"line":27,"column":8},"end":{"line":27,"column":31}},"13":{"start":{"line":30,"column":8},"end":{"line":30,"column":29}},"14":{"start":{"line":36,"column":8},"end":{"line":36,"column":59}},"15":{"start":{"line":36,"column":18},"end":{"line":36,"column":59}},"16":{"start":{"line":37,"column":8},"end":{"line":37,"column":24}},"17":{"start":{"line":38,"column":8},"end":{"line":38,"column":24}},"18":{"start":{"line":39,"column":8},"end":{"line":39,"column":23}},"19":{"start":{"line":43,"column":8},"end":{"line":43,"column":29}},"20":{"start":{"line":46,"column":8},"end":{"line":46,"column":25}},"21":{"start":{"line":53,"column":8},"end":{"line":53,"column":65}},"22":{"start":{"line":53,"column":18},"end":{"line":53,"column":65}},"23":{"start":{"line":54,"column":8},"end":{"line":54,"column":24}},"24":{"start":{"line":55,"column":8},"end":{"line":55,"column":26}},"25":{"start":{"line":56,"column":8},"end":{"line":56,"column":23}},"26":{"start":{"line":59,"column":8},"end":{"line":59,"column":29}},"27":{"start":{"line":62,"column":8},"end":{"line":62,"column":25}},"28":{"start":{"line":71,"column":0},"end":{"line":75,"column":1}}},"fnMap":{"0":{"name":"(anonymous_0)","decl":{"start":{"line":4,"column":4},"end":{"line":4,"column":5}},"loc":{"start":{"line":4,"column":23},"end":{"line":10,"column":5}},"line":4},"1":{"name":"(anonymous_1)","decl":{"start":{"line":11,"column":4},"end":{"line":11,"column":5}},"loc":{"start":{"line":11,"column":19},"end":{"line":13,"column":5}},"line":11},"2":{"name":"(anonymous_2)","decl":{"start":{"line":14,"column":4},"end":{"line":14,"column":5}},"loc":{"start":{"line":14,"column":31},"end":{"line":16,"column":5}},"line":14},"3":{"name":"(anonymous_3)","decl":{"start":{"line":17,"column":4},"end":{"line":17,"column":5}},"loc":{"start":{"line":17,"column":26},"end":{"line":19,"column":5}},"line":17},"4":{"name":"(anonymous_4)","decl":{"start":{"line":20,"column":4},"end":{"line":20,"column":5}},"loc":{"start":{"line":20,"column":14},"end":{"line":22,"column":5}},"line":20},"5":{"name":"(anonymous_5)","decl":{"start":{"line":23,"column":4},"end":{"line":23,"column":5}},"loc":{"start":{"line":23,"column":13},"end":{"line":25,"column":5}},"line":23},"6":{"name":"(anonymous_6)","decl":{"start":{"line":26,"column":4},"end":{"line":26,"column":5}},"loc":{"start":{"line":26,"column":20},"end":{"line":28,"column":5}},"line":26},"7":{"name":"(anonymous_7)","decl":{"start":{"line":29,"column":4},"end":{"line":29,"column":5}},"loc":{"start":{"line":29,"column":18},"end":{"line":31,"column":5}},"line":29},"8":{"name":"(anonymous_8)","decl":{"start":{"line":35,"column":4},"end":{"line":35,"column":5}},"loc":{"start":{"line":35,"column":23},"end":{"line":41,"column":5}},"line":35},"9":{"name":"(anonymous_9)","decl":{"start":{"line":42,"column":4},"end":{"line":42,"column":5}},"loc":{"start":{"line":42,"column":17},"end":{"line":44,"column":5}},"line":42},"10":{"name":"(anonymous_10)","decl":{"start":{"line":45,"column":4},"end":{"line":45,"column":5}},"loc":{"start":{"line":45,"column":14},"end":{"line":47,"column":5}},"line":45},"11":{"name":"(anonymous_11)","decl":{"start":{"line":52,"column":4},"end":{"line":52,"column":5}},"loc":{"start":{"line":52,"column":50},"end":{"line":57,"column":5}},"line":52},"12":{"name":"(anonymous_12)","decl":{"start":{"line":58,"column":4},"end":{"line":58,"column":5}},"loc":{"start":{"line":58,"column":17},"end":{"line":60,"column":5}},"line":58},"13":{"name":"(anonymous_13)","decl":{"start":{"line":61,"column":4},"end":{"line":61,"column":5}},"loc":{"start":{"line":61,"column":14},"end":{"line":63,"column":5}},"line":61}},"branchMap":{"0":{"loc":{"start":{"line":5,"column":8},"end":{"line":5,"column":59}},"type":"if","locations":[{"start":{"line":5,"column":8},"end":{"line":5,"column":59}},{"start":{"line":5,"column":8},"end":{"line":5,"column":59}}],"line":5},"1":{"loc":{"start":{"line":36,"column":8},"end":{"line":36,"column":59}},"type":"if","locations":[{"start":{"line":36,"column":8},"end":{"line":36,"column":59}},{"start":{"line":36,"column":8},"end":{"line":36,"column":59}}],"line":36},"2":{"loc":{"start":{"line":52,"column":22},"end":{"line":52,"column":48}},"type":"default-arg","locations":[{"start":{"line":52,"column":30},"end":{"line":52,"column":48}}],"line":52},"3":{"loc":{"start":{"line":53,"column":8},"end":{"line":53,"column":65}},"type":"if","locations":[{"start":{"line":53,"column":8},"end":{"line":53,"column":65}},{"start":{"line":53,"column":8},"end":{"line":53,"column":65}}],"line":53}},"s":{"0":1,"1":10,"2":0,"3":10,"4":10,"5":10,"6":10,"7":2,"8":2,"9":2,"10":1,"11":1,"12":1,"13":1,"14":6,"15":0,"16":6,"17":6,"18":6,"19":2,"20":1,"21":3,"22":0,"23":3,"24":3,"25":3,"26":2,"27":1,"28":1},"f":{"0":10,"1":2,"2":2,"3":2,"4":1,"5":1,"6":1,"7":1,"8":6,"9":2,"10":1,"11":3,"12":2,"13":1},"b":{"0":[0,10],"1":[0,6],"2":[3],"3":[0,3]},"_coverageSchema":"1a1c01bbd47fc00a2c39e90264f33305004495a9","hash":"2eaee22ef7fc81bf5ae8e5805cca8eb97c1b5203"}
}
