TN:
SF:models.js
FN:4,(anonymous_0)
FN:11,(anonymous_1)
FN:14,(anonymous_2)
FN:17,(anonymous_3)
FN:20,(anonymous_4)
FN:23,(anonymous_5)
FN:26,(anonymous_6)
FN:29,(anonymous_7)
FN:35,(anonymous_8)
FN:42,(anonymous_9)
FN:45,(anonymous_10)
FN:52,(anonymous_11)
FN:58,(anonymous_12)
FN:61,(anonymous_13)
FNF:14
FNH:14
FNDA:10,(anonymous_0)
FNDA:2,(anonymous_1)
FNDA:2,(anonymous_2)
FNDA:2,(anonymous_3)
FNDA:1,(anonymous_4)
FNDA:1,(anonymous_5)
FNDA:1,(anonymous_6)
FNDA:1,(anonymous_7)
FNDA:6,(anonymous_8)
FNDA:2,(anonymous_9)
FNDA:1,(anonymous_10)
FNDA:3,(anonymous_11)
FNDA:2,(anonymous_12)
FNDA:1,(anonymous_13)
DA:1,1
DA:5,10
DA:6,10
DA:7,10
DA:8,10
DA:9,10
DA:12,2
DA:15,2
DA:18,2
DA:21,1
DA:24,1
DA:27,1
DA:30,1
DA:36,6
DA:37,6
DA:38,6
DA:39,6
DA:43,2
DA:46,1
DA:53,3
DA:54,3
DA:55,3
DA:56,3
DA:59,2
DA:62,1
DA:71,1
LF:26
LH:26
BRDA:5,0,0,0
BRDA:5,0,1,10
BRDA:36,1,0,0
BRDA:36,1,1,6
BRDA:52,2,0,3
BRDA:53,3,0,0
BRDA:53,3,1,3
BRF:7
BRH:4
end_of_record
